<?xml version="1.0" encoding="UTF-8"?>
<!-- Generated by org.testng.reporters.JUnitReportReporter -->
<testsuite skipped="0" hostname="DESKTOP-KGFJJ8B" name="saucedemo.tests.ProductPageTest" tests="4" failures="0" timestamp="01 Mar 2021 00:01:52 GMT" time="0.295" errors="0">
  <testcase name="buyItemOneTest" time="0.126" classname="saucedemo.tests.ProductPageTest"/>
  <testcase name="buyItemTwoTest" time="0.118" classname="saucedemo.tests.ProductPageTest"/>
  <testcase name="verifyYourCartTest" time="0.047" classname="saucedemo.tests.ProductPageTest"/>
  <testcase name="verifyProductPageTitleTest" time="0.004" classname="saucedemo.tests.ProductPageTest"/>
</testsuite> <!-- saucedemo.tests.ProductPageTest -->
