<?xml version="1.0" encoding="UTF-8"?>
<!-- Generated by org.testng.reporters.JUnitReportReporter -->
<testsuite skipped="0" hostname="DESKTOP-KGFJJ8B" name="saucedemo.tests.LoginPageTest" tests="2" failures="0" timestamp="01 Mar 2021 00:01:52 GMT" time="0.303" errors="0">
  <testcase name="VerifyLoginPageTest" time="0.291" classname="saucedemo.tests.LoginPageTest"/>
  <testcase name="VerifyLoginPageTitleTest" time="0.012" classname="saucedemo.tests.LoginPageTest"/>
</testsuite> <!-- saucedemo.tests.LoginPageTest -->
