<?xml version="1.0" encoding="UTF-8"?>
<!-- Generated by org.testng.reporters.JUnitReportReporter -->
<testsuite skipped="0" hostname="DESKTOP-KGFJJ8B" name="saucedemo.tests.TestPage" tests="2" failures="0" timestamp="28 Feb 2021 06:21:02 GMT" time="0.313" errors="0">
  <testcase name="VerifyLoginPage" time="0.295" classname="saucedemo.tests.TestPage"/>
  <testcase name="VerifyLoginPageTitle" time="0.018" classname="saucedemo.tests.TestPage"/>
</testsuite> <!-- saucedemo.tests.TestPage -->
